0 info it worked if it ends with ok
1 verbose cli [ 'node',
1 verbose cli   '/usr/local/bin/npm',
1 verbose cli   'install',
1 verbose cli   'connect/middleware/session/memory' ]
2 info using npm@1.1.59
3 info using node@v0.8.8
4 verbose read json /Users/nuthancharoernkit/Documents/Develop/Opendream/CityBug/server/citybug/package.json
5 warn package.json citybug@1.0.0-pre No README.md file found!
6 verbose read json /Users/nuthancharoernkit/Documents/Develop/Opendream/CityBug/server/citybug/node_modules/assert/package.json
7 verbose read json /Users/nuthancharoernkit/Documents/Develop/Opendream/CityBug/server/citybug/node_modules/connect-flash/package.json
8 verbose read json /Users/nuthancharoernkit/Documents/Develop/Opendream/CityBug/server/citybug/node_modules/connect-mongo/package.json
9 verbose read json /Users/nuthancharoernkit/Documents/Develop/Opendream/CityBug/server/citybug/node_modules/express/package.json
10 verbose read json /Users/nuthancharoernkit/Documents/Develop/Opendream/CityBug/server/citybug/node_modules/foursquarevenues/package.json
11 verbose read json /Users/nuthancharoernkit/Documents/Develop/Opendream/CityBug/server/citybug/node_modules/jade/package.json
12 verbose read json /Users/nuthancharoernkit/Documents/Develop/Opendream/CityBug/server/citybug/node_modules/mongoose/package.json
13 verbose read json /Users/nuthancharoernkit/Documents/Develop/Opendream/CityBug/server/citybug/node_modules/nodemon/package.json
14 verbose read json /Users/nuthancharoernkit/Documents/Develop/Opendream/CityBug/server/citybug/node_modules/passport/package.json
15 verbose read json /Users/nuthancharoernkit/Documents/Develop/Opendream/CityBug/server/citybug/node_modules/passport-local/package.json
16 verbose read json /Users/nuthancharoernkit/Documents/Develop/Opendream/CityBug/server/citybug/node_modules/querystring/package.json
17 verbose read json /Users/nuthancharoernkit/Documents/Develop/Opendream/CityBug/server/citybug/node_modules/socket.io/package.json
18 verbose read json /Users/nuthancharoernkit/Documents/Develop/Opendream/CityBug/server/citybug/node_modules/sys/package.json
19 verbose from cache /Users/nuthancharoernkit/Documents/Develop/Opendream/CityBug/server/citybug/package.json
20 verbose readDependencies using package.json deps
21 verbose cache add [ 'connect/middleware/session/memory', null ]
22 silly cache add name=undefined spec="connect/middleware/session/memory" args=["connect/middleware/session/memory",null]
23 verbose parsed url { pathname: 'connect/middleware/session/memory',
23 verbose parsed url   path: 'connect/middleware/session/memory',
23 verbose parsed url   href: 'connect/middleware/session/memory' }
24 silly lockFile f72e1cf4-onnect-middleware-session-memory connect/middleware/session/memory
25 verbose lock connect/middleware/session/memory /Users/nuthancharoernkit/.npm/f72e1cf4-onnect-middleware-session-memory.lock
26 silly lockFile f72e1cf4-onnect-middleware-session-memory connect/middleware/session/memory
27 error addLocal Could not install connect/middleware/session/memory
28 error Error: ENOENT, stat 'connect/middleware/session/memory'
29 error If you need help, you may report this log at:
29 error     <http://github.com/isaacs/npm/issues>
29 error or email it to:
29 error     <npm-@googlegroups.com>
30 error System Darwin 12.2.0
31 error command "node" "/usr/local/bin/npm" "install" "connect/middleware/session/memory"
32 error cwd /Users/nuthancharoernkit/Documents/Develop/Opendream/CityBug/server/citybug
33 error node -v v0.8.8
34 error npm -v 1.1.59
35 error path connect/middleware/session/memory
36 error code ENOENT
37 error errno 34
38 verbose exit [ 34, true ]
